[debug] [2025-11-23T07:58:43.974Z] ----------------------------------------------------------------------
[debug] [2025-11-23T07:58:43.975Z] Command:       /Users/soya/.nvm/versions/node/v22.19.0/bin/node /opt/homebrew/bin/firebase emulators:start
[debug] [2025-11-23T07:58:43.975Z] CLI Version:   14.2.0
[debug] [2025-11-23T07:58:43.975Z] Platform:      darwin
[debug] [2025-11-23T07:58:43.975Z] Node Version:  v22.19.0
[debug] [2025-11-23T07:58:43.975Z] Time:          Sun Nov 23 2025 16:58:43 GMT+0900 (日本標準時)
[debug] [2025-11-23T07:58:43.976Z] ----------------------------------------------------------------------
[debug] 
[debug] [2025-11-23T07:58:43.976Z] >>> [apiv2][query] GET https://firebase-public.firebaseio.com/cli.json [none]
[debug] [2025-11-23T07:58:44.056Z] > command requires scopes: ["email","openid","https://www.googleapis.com/auth/cloudplatformprojects.readonly","https://www.googleapis.com/auth/firebase","https://www.googleapis.com/auth/cloud-platform"]
[debug] [2025-11-23T07:58:44.056Z] > authorizing via signed-in user (soyan8810@gmail.com)
[debug] [2025-11-23T07:58:44.176Z] openjdk version "23.0.2" 2025-01-21

[debug] [2025-11-23T07:58:44.177Z] OpenJDK Runtime Environment Homebrew (build 23.0.2)
OpenJDK 64-Bit Server VM Homebrew (build 23.0.2, mixed mode, sharing)

[debug] [2025-11-23T07:58:44.179Z] Parsed Java major version: 23
[info] i  emulators: Starting emulators: auth, firestore {"metadata":{"emulator":{"name":"hub"},"message":"Starting emulators: auth, firestore"}}
[debug] [2025-11-23T07:58:45.312Z] [logging] Logging Emulator only supports listening on one address (127.0.0.1). Not listening on ::1
[debug] [2025-11-23T07:58:45.312Z] assigned listening specs for emulators {"user":{"ui":[{"address":"127.0.0.1","family":"IPv4","port":4000}],"auth":[{"address":"127.0.0.1","family":"IPv4","port":9099}],"firestore":[{"address":"127.0.0.1","family":"IPv4","port":8080}],"firestore.websocket":[{"address":"127.0.0.1","family":"IPv4","port":9150}],"hub":[{"address":"127.0.0.1","family":"IPv4","port":4400},{"address":"::1","family":"IPv6","port":4400}],"logging":[{"address":"127.0.0.1","family":"IPv4","port":4500}]},"metadata":{"message":"assigned listening specs for emulators"}}
[debug] [2025-11-23T07:58:45.314Z] [hub] writing locator at /var/folders/_1/2m8gjdyx00b31g5wdx8513lr0000gn/T/hub-jansou-3138d.json
[warn] ⚠  firestore: Cloud Firestore rules file /Users/soya/dev/job/myworks/janso/firestore.rules specified in firebase.json does not exist. {"metadata":{"emulator":{"name":"firestore"},"message":"Cloud Firestore rules file \u001b[1m/Users/soya/dev/job/myworks/janso/firestore.rules\u001b[22m specified in firebase.json does not exist."}}
[warn] ⚠  firestore: The emulator will default to allowing all reads and writes. Learn more about this option: https://firebase.google.com/docs/emulator-suite/install_and_configure#security_rules_configuration. {"metadata":{"emulator":{"name":"firestore"},"message":"The emulator will default to allowing all reads and writes. Learn more about this option: https://firebase.google.com/docs/emulator-suite/install_and_configure#security_rules_configuration."}}
[info] i  firestore: downloading cloud-firestore-emulator-v1.19.8.jar... {"metadata":{"emulator":{"name":"firestore"},"message":"downloading cloud-firestore-emulator-v1.19.8.jar..."}}
[debug] [2025-11-23T07:58:45.318Z] >>> [apiv2][query] GET https://storage.googleapis.com/firebase-preview-drop/emulator/cloud-firestore-emulator-v1.19.8.jar 
[debug] [2025-11-23T07:58:45.453Z] <<< [apiv2][status] GET https://firebase-public.firebaseio.com/cli.json 200
[debug] [2025-11-23T07:58:45.453Z] <<< [apiv2][body] GET https://firebase-public.firebaseio.com/cli.json {"cloudBuildErrorAfter":1594252800000,"cloudBuildWarnAfter":1590019200000,"defaultNode10After":1594252800000,"minVersion":"3.0.5","node8DeploysDisabledAfter":1613390400000,"node8RuntimeDisabledAfter":1615809600000,"node8WarnAfter":1600128000000}
[debug] [2025-11-23T07:58:45.550Z] <<< [apiv2][status] GET https://storage.googleapis.com/firebase-preview-drop/emulator/cloud-firestore-emulator-v1.19.8.jar 200
[debug] [2025-11-23T07:58:45.550Z] <<< [apiv2][body] GET https://storage.googleapis.com/firebase-preview-drop/emulator/cloud-firestore-emulator-v1.19.8.jar [stream]
[debug] [2025-11-23T07:58:48.968Z] Ignoring unsupported arg: auto_download {"metadata":{"emulator":{"name":"firestore"},"message":"Ignoring unsupported arg: auto_download"}}
[debug] [2025-11-23T07:58:48.968Z] Ignoring unsupported arg: single_project_mode_error {"metadata":{"emulator":{"name":"firestore"},"message":"Ignoring unsupported arg: single_project_mode_error"}}
[debug] [2025-11-23T07:58:48.968Z] Starting Firestore Emulator with command {"binary":"java","args":["-Dgoogle.cloud_firestore.debug_log_level=FINE","-Duser.language=en","-jar","/Users/soya/.cache/firebase/emulators/cloud-firestore-emulator-v1.19.8.jar","--host","127.0.0.1","--port",8080,"--websocket_port",9150,"--project_id","jansou-3138d","--single_project_mode",true],"optionalArgs":["port","webchannel_port","host","rules","websocket_port","functions_emulator","seed_from_export","project_id","single_project_mode"],"joinArgs":false,"shell":false,"port":8080} {"metadata":{"emulator":{"name":"firestore"},"message":"Starting Firestore Emulator with command {\"binary\":\"java\",\"args\":[\"-Dgoogle.cloud_firestore.debug_log_level=FINE\",\"-Duser.language=en\",\"-jar\",\"/Users/soya/.cache/firebase/emulators/cloud-firestore-emulator-v1.19.8.jar\",\"--host\",\"127.0.0.1\",\"--port\",8080,\"--websocket_port\",9150,\"--project_id\",\"jansou-3138d\",\"--single_project_mode\",true],\"optionalArgs\":[\"port\",\"webchannel_port\",\"host\",\"rules\",\"websocket_port\",\"functions_emulator\",\"seed_from_export\",\"project_id\",\"single_project_mode\"],\"joinArgs\":false,\"shell\":false,\"port\":8080}"}}
[info] i  firestore: Firestore Emulator logging to firestore-debug.log {"metadata":{"emulator":{"name":"firestore"},"message":"Firestore Emulator logging to \u001b[1mfirestore-debug.log\u001b[22m"}}
[debug] [2025-11-23T07:58:49.401Z] Nov 23, 2025 4:58:49 PM com.google.cloud.datastore.emulator.firestore.websocket.WebSocketServer start
INFO: Started WebSocket server on ws://127.0.0.1:9150
 {"metadata":{"emulator":{"name":"firestore"},"message":"Nov 23, 2025 4:58:49 PM com.google.cloud.datastore.emulator.firestore.websocket.WebSocketServer start\nINFO: Started WebSocket server on ws://127.0.0.1:9150\n"}}
[debug] [2025-11-23T07:58:49.408Z] API endpoint: http:// {"metadata":{"emulator":{"name":"firestore"},"message":"API endpoint: http://"}}
[debug] [2025-11-23T07:58:49.409Z] 127.0.0.1:8080
If you are using a library that supports the FIRESTORE_EMULATOR_HOST environment variable, run:

   export FIRESTORE_EMULATOR_HOST=127.0.0.1:8080

If you are running a Firestore in Datastore Mode project, run:

   export DATASTORE_EMULATOR_HOST=127.0.0.1:8080

Note: Support for Datastore Mode is in preview. If you encounter any bugs please file at https://github.com/firebase/firebase-tools/issues.
Dev App Server is now running.

 {"metadata":{"emulator":{"name":"firestore"},"message":"127.0.0.1:8080\nIf you are using a library that supports the FIRESTORE_EMULATOR_HOST environment variable, run:\n\n   export FIRESTORE_EMULATOR_HOST=127.0.0.1:8080\n\nIf you are running a Firestore in Datastore Mode project, run:\n\n   export DATASTORE_EMULATOR_HOST=127.0.0.1:8080\n\nNote: Support for Datastore Mode is in preview. If you encounter any bugs please file at https://github.com/firebase/firebase-tools/issues.\nDev App Server is now running.\n\n"}}
[info] ✔  firestore: Firestore Emulator UI websocket is running on 9150. {"metadata":{"emulator":{"name":"firestore"},"message":"Firestore Emulator UI websocket is running on 9150."}}
[info] i  ui: downloading ui-v1.14.0.zip... {"metadata":{"emulator":{"name":"ui"},"message":"downloading ui-v1.14.0.zip..."}}
[debug] [2025-11-23T07:58:51.323Z] >>> [apiv2][query] GET https://storage.googleapis.com/firebase-preview-drop/emulator/ui-v1.14.0.zip 
[debug] [2025-11-23T07:58:51.453Z] <<< [apiv2][status] GET https://storage.googleapis.com/firebase-preview-drop/emulator/ui-v1.14.0.zip 200
[debug] [2025-11-23T07:58:51.453Z] <<< [apiv2][body] GET https://storage.googleapis.com/firebase-preview-drop/emulator/ui-v1.14.0.zip [stream]
[debug] [2025-11-23T07:58:51.542Z] Data is 3615311
[debug] [2025-11-23T07:58:51.542Z] [unzip] Entry: client/ (compressed_size=0 bytes, uncompressed_size=0 bytes)
[debug] [2025-11-23T07:58:51.542Z] [unzip] Processing entry: client/
[debug] [2025-11-23T07:58:51.542Z] [unzip] mkdir: /Users/soya/.cache/firebase/emulators/ui-v1.14.0/client/
[debug] [2025-11-23T07:58:51.542Z] [unzip] Entry: client/favicon-16x16.png (compressed_size=293 bytes, uncompressed_size=293 bytes)
[debug] [2025-11-23T07:58:51.542Z] [unzip] Processing entry: client/favicon-16x16.png
[debug] [2025-11-23T07:58:51.542Z] [unzip] else mkdir: /Users/soya/.cache/firebase/emulators/ui-v1.14.0/client
[debug] [2025-11-23T07:58:51.542Z] [unzip] Writing file: /Users/soya/.cache/firebase/emulators/ui-v1.14.0/client/favicon-16x16.png
[debug] [2025-11-23T07:58:51.542Z] [unzip] Entry: client/safari-pinned-tab.svg (compressed_size=1433 bytes, uncompressed_size=2611 bytes)
[debug] [2025-11-23T07:58:51.542Z] [unzip] Processing entry: client/safari-pinned-tab.svg
[debug] [2025-11-23T07:58:51.542Z] [unzip] else mkdir: /Users/soya/.cache/firebase/emulators/ui-v1.14.0/client
[debug] [2025-11-23T07:58:51.542Z] [unzip] deflating: /Users/soya/.cache/firebase/emulators/ui-v1.14.0/client/safari-pinned-tab.svg
[debug] [2025-11-23T07:58:51.544Z] [unzip] Entry: client/favicon.ico (compressed_size=2933 bytes, uncompressed_size=13294 bytes)
[debug] [2025-11-23T07:58:51.544Z] [unzip] Processing entry: client/favicon.ico
[debug] [2025-11-23T07:58:51.544Z] [unzip] else mkdir: /Users/soya/.cache/firebase/emulators/ui-v1.14.0/client
[debug] [2025-11-23T07:58:51.544Z] [unzip] deflating: /Users/soya/.cache/firebase/emulators/ui-v1.14.0/client/favicon.ico
[debug] [2025-11-23T07:58:51.545Z] [unzip] Entry: client/index.html (compressed_size=1363 bytes, uncompressed_size=3071 bytes)
[debug] [2025-11-23T07:58:51.545Z] [unzip] Processing entry: client/index.html
[debug] [2025-11-23T07:58:51.545Z] [unzip] else mkdir: /Users/soya/.cache/firebase/emulators/ui-v1.14.0/client
[debug] [2025-11-23T07:58:51.545Z] [unzip] deflating: /Users/soya/.cache/firebase/emulators/ui-v1.14.0/client/index.html
[debug] [2025-11-23T07:58:51.545Z] [unzip] Entry: client/android-chrome-192x192.png (compressed_size=2684 bytes, uncompressed_size=2684 bytes)
[debug] [2025-11-23T07:58:51.545Z] [unzip] Processing entry: client/android-chrome-192x192.png
[debug] [2025-11-23T07:58:51.545Z] [unzip] else mkdir: /Users/soya/.cache/firebase/emulators/ui-v1.14.0/client
[debug] [2025-11-23T07:58:51.545Z] [unzip] Writing file: /Users/soya/.cache/firebase/emulators/ui-v1.14.0/client/android-chrome-192x192.png
[debug] [2025-11-23T07:58:51.546Z] [unzip] Entry: client/apple-touch-icon.png (compressed_size=2123 bytes, uncompressed_size=2152 bytes)
[debug] [2025-11-23T07:58:51.546Z] [unzip] Processing entry: client/apple-touch-icon.png
[debug] [2025-11-23T07:58:51.546Z] [unzip] else mkdir: /Users/soya/.cache/firebase/emulators/ui-v1.14.0/client
[debug] [2025-11-23T07:58:51.546Z] [unzip] deflating: /Users/soya/.cache/firebase/emulators/ui-v1.14.0/client/apple-touch-icon.png
[debug] [2025-11-23T07:58:51.546Z] [unzip] Entry: client/android-chrome-512x512.png (compressed_size=5369 bytes, uncompressed_size=5411 bytes)
[debug] [2025-11-23T07:58:51.546Z] [unzip] Processing entry: client/android-chrome-512x512.png
[debug] [2025-11-23T07:58:51.546Z] [unzip] else mkdir: /Users/soya/.cache/firebase/emulators/ui-v1.14.0/client
[debug] [2025-11-23T07:58:51.546Z] [unzip] deflating: /Users/soya/.cache/firebase/emulators/ui-v1.14.0/client/android-chrome-512x512.png
[debug] [2025-11-23T07:58:51.547Z] [unzip] Entry: client/manifest.json (compressed_size=245 bytes, uncompressed_size=551 bytes)
[debug] [2025-11-23T07:58:51.547Z] [unzip] Processing entry: client/manifest.json
[debug] [2025-11-23T07:58:51.547Z] [unzip] else mkdir: /Users/soya/.cache/firebase/emulators/ui-v1.14.0/client
[debug] [2025-11-23T07:58:51.547Z] [unzip] deflating: /Users/soya/.cache/firebase/emulators/ui-v1.14.0/client/manifest.json
[debug] [2025-11-23T07:58:51.547Z] [unzip] Entry: client/robots.txt (compressed_size=26 bytes, uncompressed_size=26 bytes)
[debug] [2025-11-23T07:58:51.547Z] [unzip] Processing entry: client/robots.txt
[debug] [2025-11-23T07:58:51.547Z] [unzip] else mkdir: /Users/soya/.cache/firebase/emulators/ui-v1.14.0/client
[debug] [2025-11-23T07:58:51.547Z] [unzip] Writing file: /Users/soya/.cache/firebase/emulators/ui-v1.14.0/client/robots.txt
[debug] [2025-11-23T07:58:51.547Z] [unzip] Entry: client/mstile-150x150.png (compressed_size=2034 bytes, uncompressed_size=2034 bytes)
[debug] [2025-11-23T07:58:51.547Z] [unzip] Processing entry: client/mstile-150x150.png
[debug] [2025-11-23T07:58:51.547Z] [unzip] else mkdir: /Users/soya/.cache/firebase/emulators/ui-v1.14.0/client
[debug] [2025-11-23T07:58:51.547Z] [unzip] Writing file: /Users/soya/.cache/firebase/emulators/ui-v1.14.0/client/mstile-150x150.png
[debug] [2025-11-23T07:58:51.548Z] [unzip] Entry: client/assets/ (compressed_size=0 bytes, uncompressed_size=0 bytes)
[debug] [2025-11-23T07:58:51.548Z] [unzip] Processing entry: client/assets/
[debug] [2025-11-23T07:58:51.548Z] [unzip] mkdir: /Users/soya/.cache/firebase/emulators/ui-v1.14.0/client/assets/
[debug] [2025-11-23T07:58:51.548Z] [unzip] Entry: client/assets/index-ClZTY_JS.js.map (compressed_size=2328270 bytes, uncompressed_size=9947004 bytes)
[debug] [2025-11-23T07:58:51.548Z] [unzip] Processing entry: client/assets/index-ClZTY_JS.js.map
[debug] [2025-11-23T07:58:51.548Z] [unzip] else mkdir: /Users/soya/.cache/firebase/emulators/ui-v1.14.0/client/assets
[debug] [2025-11-23T07:58:51.548Z] [unzip] deflating: /Users/soya/.cache/firebase/emulators/ui-v1.14.0/client/assets/index-ClZTY_JS.js.map
[debug] [2025-11-23T07:58:51.568Z] [unzip] Entry: client/assets/index-ClZTY_JS.js (compressed_size=567195 bytes, uncompressed_size=2035940 bytes)
[debug] [2025-11-23T07:58:51.568Z] [unzip] Processing entry: client/assets/index-ClZTY_JS.js
[debug] [2025-11-23T07:58:51.568Z] [unzip] else mkdir: /Users/soya/.cache/firebase/emulators/ui-v1.14.0/client/assets
[debug] [2025-11-23T07:58:51.568Z] [unzip] deflating: /Users/soya/.cache/firebase/emulators/ui-v1.14.0/client/assets/index-ClZTY_JS.js
[debug] [2025-11-23T07:58:51.573Z] [unzip] Entry: client/assets/index-BdgySamB.css (compressed_size=35979 bytes, uncompressed_size=298654 bytes)
[debug] [2025-11-23T07:58:51.573Z] [unzip] Processing entry: client/assets/index-BdgySamB.css
[debug] [2025-11-23T07:58:51.573Z] [unzip] else mkdir: /Users/soya/.cache/firebase/emulators/ui-v1.14.0/client/assets
[debug] [2025-11-23T07:58:51.573Z] [unzip] deflating: /Users/soya/.cache/firebase/emulators/ui-v1.14.0/client/assets/index-BdgySamB.css
[debug] [2025-11-23T07:58:51.574Z] [unzip] Entry: client/assets/extensions/ (compressed_size=0 bytes, uncompressed_size=0 bytes)
[debug] [2025-11-23T07:58:51.574Z] [unzip] Processing entry: client/assets/extensions/
[debug] [2025-11-23T07:58:51.574Z] [unzip] mkdir: /Users/soya/.cache/firebase/emulators/ui-v1.14.0/client/assets/extensions/
[debug] [2025-11-23T07:58:51.574Z] [unzip] Entry: client/assets/extensions/default-extension.png (compressed_size=1646 bytes, uncompressed_size=1657 bytes)
[debug] [2025-11-23T07:58:51.574Z] [unzip] Processing entry: client/assets/extensions/default-extension.png
[debug] [2025-11-23T07:58:51.574Z] [unzip] else mkdir: /Users/soya/.cache/firebase/emulators/ui-v1.14.0/client/assets/extensions
[debug] [2025-11-23T07:58:51.574Z] [unzip] deflating: /Users/soya/.cache/firebase/emulators/ui-v1.14.0/client/assets/extensions/default-extension.png
[debug] [2025-11-23T07:58:51.574Z] [unzip] Entry: client/assets/img/ (compressed_size=0 bytes, uncompressed_size=0 bytes)
[debug] [2025-11-23T07:58:51.574Z] [unzip] Processing entry: client/assets/img/
[debug] [2025-11-23T07:58:51.574Z] [unzip] mkdir: /Users/soya/.cache/firebase/emulators/ui-v1.14.0/client/assets/img/
[debug] [2025-11-23T07:58:51.574Z] [unzip] Entry: client/assets/img/database.png (compressed_size=29449 bytes, uncompressed_size=29988 bytes)
[debug] [2025-11-23T07:58:51.574Z] [unzip] Processing entry: client/assets/img/database.png
[debug] [2025-11-23T07:58:51.574Z] [unzip] else mkdir: /Users/soya/.cache/firebase/emulators/ui-v1.14.0/client/assets/img
[debug] [2025-11-23T07:58:51.574Z] [unzip] deflating: /Users/soya/.cache/firebase/emulators/ui-v1.14.0/client/assets/img/database.png
[debug] [2025-11-23T07:58:51.575Z] [unzip] Entry: client/assets/provider-icons/ (compressed_size=0 bytes, uncompressed_size=0 bytes)
[debug] [2025-11-23T07:58:51.575Z] [unzip] Processing entry: client/assets/provider-icons/
[debug] [2025-11-23T07:58:51.575Z] [unzip] mkdir: /Users/soya/.cache/firebase/emulators/ui-v1.14.0/client/assets/provider-icons/
[debug] [2025-11-23T07:58:51.575Z] [unzip] Entry: client/assets/provider-icons/auth_service_saml.svg (compressed_size=575 bytes, uncompressed_size=1226 bytes)
[debug] [2025-11-23T07:58:51.575Z] [unzip] Processing entry: client/assets/provider-icons/auth_service_saml.svg
[debug] [2025-11-23T07:58:51.575Z] [unzip] else mkdir: /Users/soya/.cache/firebase/emulators/ui-v1.14.0/client/assets/provider-icons
[debug] [2025-11-23T07:58:51.575Z] [unzip] deflating: /Users/soya/.cache/firebase/emulators/ui-v1.14.0/client/assets/provider-icons/auth_service_saml.svg
[debug] [2025-11-23T07:58:51.575Z] [unzip] Entry: client/assets/provider-icons/auth_service_phone.svg (compressed_size=261 bytes, uncompressed_size=414 bytes)
[debug] [2025-11-23T07:58:51.575Z] [unzip] Processing entry: client/assets/provider-icons/auth_service_phone.svg
[debug] [2025-11-23T07:58:51.575Z] [unzip] else mkdir: /Users/soya/.cache/firebase/emulators/ui-v1.14.0/client/assets/provider-icons
[debug] [2025-11-23T07:58:51.575Z] [unzip] deflating: /Users/soya/.cache/firebase/emulators/ui-v1.14.0/client/assets/provider-icons/auth_service_phone.svg
[debug] [2025-11-23T07:58:51.575Z] [unzip] Entry: client/assets/provider-icons/auth_service_facebook.svg (compressed_size=289 bytes, uncompressed_size=457 bytes)
[debug] [2025-11-23T07:58:51.576Z] [unzip] Processing entry: client/assets/provider-icons/auth_service_facebook.svg
[debug] [2025-11-23T07:58:51.576Z] [unzip] else mkdir: /Users/soya/.cache/firebase/emulators/ui-v1.14.0/client/assets/provider-icons
[debug] [2025-11-23T07:58:51.576Z] [unzip] deflating: /Users/soya/.cache/firebase/emulators/ui-v1.14.0/client/assets/provider-icons/auth_service_facebook.svg
[debug] [2025-11-23T07:58:51.576Z] [unzip] Entry: client/assets/provider-icons/auth_service_game_center.svg (compressed_size=991 bytes, uncompressed_size=3921 bytes)
[debug] [2025-11-23T07:58:51.576Z] [unzip] Processing entry: client/assets/provider-icons/auth_service_game_center.svg
[debug] [2025-11-23T07:58:51.576Z] [unzip] else mkdir: /Users/soya/.cache/firebase/emulators/ui-v1.14.0/client/assets/provider-icons
[debug] [2025-11-23T07:58:51.576Z] [unzip] deflating: /Users/soya/.cache/firebase/emulators/ui-v1.14.0/client/assets/provider-icons/auth_service_game_center.svg
[debug] [2025-11-23T07:58:51.576Z] [unzip] Entry: client/assets/provider-icons/auth_service_apple.svg (compressed_size=230 bytes, uncompressed_size=334 bytes)
[debug] [2025-11-23T07:58:51.576Z] [unzip] Processing entry: client/assets/provider-icons/auth_service_apple.svg
[debug] [2025-11-23T07:58:51.576Z] [unzip] else mkdir: /Users/soya/.cache/firebase/emulators/ui-v1.14.0/client/assets/provider-icons
[debug] [2025-11-23T07:58:51.576Z] [unzip] deflating: /Users/soya/.cache/firebase/emulators/ui-v1.14.0/client/assets/provider-icons/auth_service_apple.svg
[debug] [2025-11-23T07:58:51.577Z] [unzip] Entry: client/assets/provider-icons/auth_service_github.svg (compressed_size=466 bytes, uncompressed_size=838 bytes)
[debug] [2025-11-23T07:58:51.577Z] [unzip] Processing entry: client/assets/provider-icons/auth_service_github.svg
[debug] [2025-11-23T07:58:51.577Z] [unzip] else mkdir: /Users/soya/.cache/firebase/emulators/ui-v1.14.0/client/assets/provider-icons
[debug] [2025-11-23T07:58:51.577Z] [unzip] deflating: /Users/soya/.cache/firebase/emulators/ui-v1.14.0/client/assets/provider-icons/auth_service_github.svg
[debug] [2025-11-23T07:58:51.577Z] [unzip] Entry: client/assets/provider-icons/auth_service_mslive.svg (compressed_size=203 bytes, uncompressed_size=378 bytes)
[debug] [2025-11-23T07:58:51.577Z] [unzip] Processing entry: client/assets/provider-icons/auth_service_mslive.svg
[debug] [2025-11-23T07:58:51.577Z] [unzip] else mkdir: /Users/soya/.cache/firebase/emulators/ui-v1.14.0/client/assets/provider-icons
[debug] [2025-11-23T07:58:51.577Z] [unzip] deflating: /Users/soya/.cache/firebase/emulators/ui-v1.14.0/client/assets/provider-icons/auth_service_mslive.svg
[debug] [2025-11-23T07:58:51.578Z] [unzip] Entry: client/assets/provider-icons/auth_service_yahoo.svg (compressed_size=577 bytes, uncompressed_size=1182 bytes)
[debug] [2025-11-23T07:58:51.578Z] [unzip] Processing entry: client/assets/provider-icons/auth_service_yahoo.svg
[debug] [2025-11-23T07:58:51.578Z] [unzip] else mkdir: /Users/soya/.cache/firebase/emulators/ui-v1.14.0/client/assets/provider-icons
[debug] [2025-11-23T07:58:51.578Z] [unzip] deflating: /Users/soya/.cache/firebase/emulators/ui-v1.14.0/client/assets/provider-icons/auth_service_yahoo.svg
[debug] [2025-11-23T07:58:51.578Z] [unzip] Entry: client/assets/provider-icons/auth_service_twitter.svg (compressed_size=444 bytes, uncompressed_size=751 bytes)
[debug] [2025-11-23T07:58:51.578Z] [unzip] Processing entry: client/assets/provider-icons/auth_service_twitter.svg
[debug] [2025-11-23T07:58:51.578Z] [unzip] else mkdir: /Users/soya/.cache/firebase/emulators/ui-v1.14.0/client/assets/provider-icons
[debug] [2025-11-23T07:58:51.578Z] [unzip] deflating: /Users/soya/.cache/firebase/emulators/ui-v1.14.0/client/assets/provider-icons/auth_service_twitter.svg
[debug] [2025-11-23T07:58:51.578Z] [unzip] Entry: client/assets/provider-icons/auth_service_play_games.svg (compressed_size=565 bytes, uncompressed_size=1173 bytes)
[debug] [2025-11-23T07:58:51.578Z] [unzip] Processing entry: client/assets/provider-icons/auth_service_play_games.svg
[debug] [2025-11-23T07:58:51.578Z] [unzip] else mkdir: /Users/soya/.cache/firebase/emulators/ui-v1.14.0/client/assets/provider-icons
[debug] [2025-11-23T07:58:51.578Z] [unzip] deflating: /Users/soya/.cache/firebase/emulators/ui-v1.14.0/client/assets/provider-icons/auth_service_play_games.svg
[debug] [2025-11-23T07:58:51.579Z] [unzip] Entry: client/assets/provider-icons/auth_service_email.svg (compressed_size=228 bytes, uncompressed_size=326 bytes)
[debug] [2025-11-23T07:58:51.579Z] [unzip] Processing entry: client/assets/provider-icons/auth_service_email.svg
[debug] [2025-11-23T07:58:51.579Z] [unzip] else mkdir: /Users/soya/.cache/firebase/emulators/ui-v1.14.0/client/assets/provider-icons
[debug] [2025-11-23T07:58:51.579Z] [unzip] deflating: /Users/soya/.cache/firebase/emulators/ui-v1.14.0/client/assets/provider-icons/auth_service_email.svg
[debug] [2025-11-23T07:58:51.579Z] [unzip] Entry: client/assets/provider-icons/auth_service_google.svg (compressed_size=409 bytes, uncompressed_size=720 bytes)
[debug] [2025-11-23T07:58:51.579Z] [unzip] Processing entry: client/assets/provider-icons/auth_service_google.svg
[debug] [2025-11-23T07:58:51.579Z] [unzip] else mkdir: /Users/soya/.cache/firebase/emulators/ui-v1.14.0/client/assets/provider-icons
[debug] [2025-11-23T07:58:51.579Z] [unzip] deflating: /Users/soya/.cache/firebase/emulators/ui-v1.14.0/client/assets/provider-icons/auth_service_google.svg
[debug] [2025-11-23T07:58:51.579Z] [unzip] Entry: client/assets/provider-icons/auth_service_oidc.svg (compressed_size=414 bytes, uncompressed_size=858 bytes)
[debug] [2025-11-23T07:58:51.579Z] [unzip] Processing entry: client/assets/provider-icons/auth_service_oidc.svg
[debug] [2025-11-23T07:58:51.579Z] [unzip] else mkdir: /Users/soya/.cache/firebase/emulators/ui-v1.14.0/client/assets/provider-icons
[debug] [2025-11-23T07:58:51.579Z] [unzip] deflating: /Users/soya/.cache/firebase/emulators/ui-v1.14.0/client/assets/provider-icons/auth_service_oidc.svg
[debug] [2025-11-23T07:58:51.579Z] [unzip] Entry: client/browserconfig.xml (compressed_size=491 bytes, uncompressed_size=822 bytes)
[debug] [2025-11-23T07:58:51.579Z] [unzip] Processing entry: client/browserconfig.xml
[debug] [2025-11-23T07:58:51.579Z] [unzip] else mkdir: /Users/soya/.cache/firebase/emulators/ui-v1.14.0/client
[debug] [2025-11-23T07:58:51.579Z] [unzip] deflating: /Users/soya/.cache/firebase/emulators/ui-v1.14.0/client/browserconfig.xml
[debug] [2025-11-23T07:58:51.579Z] [unzip] Entry: client/favicon-32x32.png (compressed_size=475 bytes, uncompressed_size=475 bytes)
[debug] [2025-11-23T07:58:51.580Z] [unzip] Processing entry: client/favicon-32x32.png
[debug] [2025-11-23T07:58:51.580Z] [unzip] else mkdir: /Users/soya/.cache/firebase/emulators/ui-v1.14.0/client
[debug] [2025-11-23T07:58:51.580Z] [unzip] Writing file: /Users/soya/.cache/firebase/emulators/ui-v1.14.0/client/favicon-32x32.png
[debug] [2025-11-23T07:58:51.580Z] [unzip] Entry: server/ (compressed_size=0 bytes, uncompressed_size=0 bytes)
[debug] [2025-11-23T07:58:51.580Z] [unzip] Processing entry: server/
[debug] [2025-11-23T07:58:51.580Z] [unzip] mkdir: /Users/soya/.cache/firebase/emulators/ui-v1.14.0/server/
[debug] [2025-11-23T07:58:51.580Z] [unzip] Entry: server/server.mjs.map (compressed_size=296496 bytes, uncompressed_size=1355667 bytes)
[debug] [2025-11-23T07:58:51.580Z] [unzip] Processing entry: server/server.mjs.map
[debug] [2025-11-23T07:58:51.580Z] [unzip] else mkdir: /Users/soya/.cache/firebase/emulators/ui-v1.14.0/server
[debug] [2025-11-23T07:58:51.580Z] [unzip] deflating: /Users/soya/.cache/firebase/emulators/ui-v1.14.0/server/server.mjs.map
[debug] [2025-11-23T07:58:51.584Z] [unzip] Entry: server/server.mjs (compressed_size=315701 bytes, uncompressed_size=1172682 bytes)
[debug] [2025-11-23T07:58:51.584Z] [unzip] Processing entry: server/server.mjs
[debug] [2025-11-23T07:58:51.584Z] [unzip] else mkdir: /Users/soya/.cache/firebase/emulators/ui-v1.14.0/server
[debug] [2025-11-23T07:58:51.584Z] [unzip] deflating: /Users/soya/.cache/firebase/emulators/ui-v1.14.0/server/server.mjs
[debug] [2025-11-23T07:58:51.587Z] [unzip] Entry: server/assets/ (compressed_size=0 bytes, uncompressed_size=0 bytes)
[debug] [2025-11-23T07:58:51.587Z] [unzip] Processing entry: server/assets/
[debug] [2025-11-23T07:58:51.587Z] [unzip] mkdir: /Users/soya/.cache/firebase/emulators/ui-v1.14.0/server/assets/
[debug] [2025-11-23T07:58:51.587Z] [unzip] Entry: server/assets/multipart-parser-DGCUZdXu.mjs.map (compressed_size=4791 bytes, uncompressed_size=17918 bytes)
[debug] [2025-11-23T07:58:51.587Z] [unzip] Processing entry: server/assets/multipart-parser-DGCUZdXu.mjs.map
[debug] [2025-11-23T07:58:51.587Z] [unzip] else mkdir: /Users/soya/.cache/firebase/emulators/ui-v1.14.0/server/assets
[debug] [2025-11-23T07:58:51.587Z] [unzip] deflating: /Users/soya/.cache/firebase/emulators/ui-v1.14.0/server/assets/multipart-parser-DGCUZdXu.mjs.map
[debug] [2025-11-23T07:58:51.588Z] [unzip] Entry: server/assets/multipart-parser-DGCUZdXu.mjs (compressed_size=2621 bytes, uncompressed_size=10390 bytes)
[debug] [2025-11-23T07:58:51.588Z] [unzip] Processing entry: server/assets/multipart-parser-DGCUZdXu.mjs
[debug] [2025-11-23T07:58:51.588Z] [unzip] else mkdir: /Users/soya/.cache/firebase/emulators/ui-v1.14.0/server/assets
[debug] [2025-11-23T07:58:51.588Z] [unzip] deflating: /Users/soya/.cache/firebase/emulators/ui-v1.14.0/server/assets/multipart-parser-DGCUZdXu.mjs
[debug] [2025-11-23T07:58:51.590Z] Could not find VSCode notification endpoint: FetchError: request to http://localhost:40001/vscode/notify failed, reason: . If you are not running the Firebase Data Connect VSCode extension, this is expected and not an issue.
[info] 
┌─────────────────────────────────────────────────────────────┐
│ ✔  All emulators ready! It is now safe to connect your app. │
│ i  View Emulator UI at http://127.0.0.1:4000/               │
└─────────────────────────────────────────────────────────────┘

┌────────────────┬────────────────┬─────────────────────────────────┐
│ Emulator       │ Host:Port      │ View in Emulator UI             │
├────────────────┼────────────────┼─────────────────────────────────┤
│ Authentication │ 127.0.0.1:9099 │ http://127.0.0.1:4000/auth      │
├────────────────┼────────────────┼─────────────────────────────────┤
│ Firestore      │ 127.0.0.1:8080 │ http://127.0.0.1:4000/firestore │
└────────────────┴────────────────┴─────────────────────────────────┘
  Emulator Hub host: 127.0.0.1 port: 4400
  Other reserved ports: 4500, 9150

Issues? Report them at https://github.com/firebase/firebase-tools/issues and attach the *-debug.log files.
 
[debug] [2025-11-23T07:59:04.776Z] Nov 23, 2025 4:59:04 PM com.google.cloud.datastore.emulator.firestore.websocket.WebSocketChannelHandler initChannel
INFO: Connected to new websocket client
 {"metadata":{"emulator":{"name":"firestore"},"message":"Nov 23, 2025 4:59:04 PM com.google.cloud.datastore.emulator.firestore.websocket.WebSocketChannelHandler initChannel\nINFO: Connected to new websocket client\n"}}
[debug] [2025-11-23T07:59:07.146Z] Nov 23, 2025 4:59:07 PM com.google.cloud.datastore.emulator.firestore.websocket.WebSocketChannelHandler initChannel
INFO: Connected to new websocket client
 {"metadata":{"emulator":{"name":"firestore"},"message":"Nov 23, 2025 4:59:07 PM com.google.cloud.datastore.emulator.firestore.websocket.WebSocketChannelHandler initChannel\nINFO: Connected to new websocket client\n"}}
[debug] [2025-11-23T07:59:07.160Z] Nov 23, 2025 4:59:07 PM io.gapi.emulators.netty.HttpVersionRoutingHandler channelRead
INFO: Detected non-HTTP/2 connection.
 {"metadata":{"emulator":{"name":"firestore"},"message":"Nov 23, 2025 4:59:07 PM io.gapi.emulators.netty.HttpVersionRoutingHandler channelRead\nINFO: Detected non-HTTP/2 connection.\n"}}
[debug] [2025-11-23T07:59:07.246Z] Nov 23, 2025 4:59:07 PM io.gapi.emulators.netty.HttpVersionRoutingHandler channelRead
INFO: Detected HTTP/2 connection.
 {"metadata":{"emulator":{"name":"firestore"},"message":"Nov 23, 2025 4:59:07 PM io.gapi.emulators.netty.HttpVersionRoutingHandler channelRead\nINFO: Detected HTTP/2 connection.\n"}}
[debug] [2025-11-23T07:59:12.381Z] Nov 23, 2025 4:59:12 PM io.gapi.emulators.netty.HttpVersionRoutingHandler channelRead
INFO: Detected non-HTTP/2 connection.
 {"metadata":{"emulator":{"name":"firestore"},"message":"Nov 23, 2025 4:59:12 PM io.gapi.emulators.netty.HttpVersionRoutingHandler channelRead\nINFO: Detected non-HTTP/2 connection.\n"}}
[debug] [2025-11-23T08:03:54.550Z] Nov 23, 2025 5:03:54 PM com.google.cloud.datastore.emulator.firestore.websocket.WebSocketChannelHandler channelClosed
INFO: Websocket client disconnected
 {"metadata":{"emulator":{"name":"firestore"},"message":"Nov 23, 2025 5:03:54 PM com.google.cloud.datastore.emulator.firestore.websocket.WebSocketChannelHandler channelClosed\nINFO: Websocket client disconnected\n"}}
[debug] [2025-11-23T08:03:54.618Z] Nov 23, 2025 5:03:54 PM com.google.cloud.datastore.emulator.firestore.websocket.WebSocketChannelHandler initChannel
INFO: Connected to new websocket client
 {"metadata":{"emulator":{"name":"firestore"},"message":"Nov 23, 2025 5:03:54 PM com.google.cloud.datastore.emulator.firestore.websocket.WebSocketChannelHandler initChannel\nINFO: Connected to new websocket client\n"}}
[debug] [2025-11-23T08:03:55.629Z] Nov 23, 2025 5:03:55 PM io.gapi.emulators.netty.HttpVersionRoutingHandler channelRead
INFO: Detected non-HTTP/2 connection.
 {"metadata":{"emulator":{"name":"firestore"},"message":"Nov 23, 2025 5:03:55 PM io.gapi.emulators.netty.HttpVersionRoutingHandler channelRead\nINFO: Detected non-HTTP/2 connection.\n"}}
[debug] [2025-11-23T08:03:56.929Z] Nov 23, 2025 5:03:56 PM com.google.cloud.datastore.emulator.firestore.websocket.WebSocketChannelHandler channelClosed
INFO: Websocket client disconnected
 {"metadata":{"emulator":{"name":"firestore"},"message":"Nov 23, 2025 5:03:56 PM com.google.cloud.datastore.emulator.firestore.websocket.WebSocketChannelHandler channelClosed\nINFO: Websocket client disconnected\n"}}
[debug] [2025-11-23T08:03:57.063Z] Nov 23, 2025 5:03:57 PM com.google.cloud.datastore.emulator.firestore.websocket.WebSocketChannelHandler initChannel
INFO: Connected to new websocket client
 {"metadata":{"emulator":{"name":"firestore"},"message":"Nov 23, 2025 5:03:57 PM com.google.cloud.datastore.emulator.firestore.websocket.WebSocketChannelHandler initChannel\nINFO: Connected to new websocket client\n"}}
